# JRE version: Java(TM) SE Runtime Environment (17.0.10+11) (build 17.0.10+11-LTS-240)
# Java VM: Java HotSpot(TM) 64-Bit Server VM (17.0.10+11-LTS-240, mixed mode, sharing, tiered, compressed oops, compressed class ptrs, g1 gc, windows-amd64)
GC Precious Log:
 CPUs: 8 total, 8 available
 Memory: 7930M
 Large Page Support: Disabled
 NUMA Support: Disabled
 Compressed Oops: Enabled (32-bit)
 Heap Region Size: 1M
 Heap Min Capacity: 8M
 Heap Initial Capacity: 124M
 Heap Max Capacity: 2G
 Pre-touch: Disabled
 Parallel Workers: 8
 Concurrent Workers: 2
 Concurrent Refinement Workers: 8
 Periodic GC: Disabled
Heap:
 garbage-first heap   total 414720K, used 395413K [0x0000000080000000, 0x0000000100000000)
  region size 1024K, 8 young (8192K), 4 survivors (4096K)
 Metaspace       used 160043K, committed 161792K, reserved 622592K
  class space    used 21377K, committed 22080K, reserved 425984K
GC Heap History (20 events):
Event: 161.302 GC heap before
{Heap before GC invocations=118 (full 0):
 garbage-first heap   total 414720K, used 351813K [0x0000000080000000, 0x0000000100000000)
  region size 1024K, 100 young (102400K), 1 survivors (1024K)
 Metaspace       used 151532K, committed 152832K, reserved 622592K
  class space    used 20557K, committed 21184K, reserved 425984K
}
Event: 161.334 GC heap after
{Heap after GC invocations=119 (full 0):
 garbage-first heap   total 414720K, used 244287K [0x0000000080000000, 0x0000000100000000)
  region size 1024K, 7 young (7168K), 7 survivors (7168K)
 Metaspace       used 151532K, committed 152832K, reserved 622592K
  class space    used 20557K, committed 21184K, reserved 425984K
}
Event: 196.081 GC heap before
{Heap before GC invocations=119 (full 0):
 garbage-first heap   total 414720K, used 344639K [0x0000000080000000, 0x0000000100000000)
  region size 1024K, 100 young (102400K), 7 survivors (7168K)
 Metaspace       used 153764K, committed 155072K, reserved 622592K
  class space    used 20777K, committed 21440K, reserved 425984K
}
Event: 196.119 GC heap after
{Heap after GC invocations=120 (full 0):
 garbage-first heap   total 414720K, used 248085K [0x0000000080000000, 0x0000000100000000)
  region size 1024K, 9 young (9216K), 9 survivors (9216K)
 Metaspace       used 153764K, committed 155072K, reserved 622592K
  class space    used 20777K, committed 21440K, reserved 425984K
}
Event: 197.736 GC heap before
{Heap before GC invocations=120 (full 0):
 garbage-first heap   total 414720K, used 348437K [0x0000000080000000, 0x0000000100000000)
  region size 1024K, 102 young (104448K), 9 survivors (9216K)
 Metaspace       used 154707K, committed 156096K, reserved 622592K
  class space    used 20886K, committed 21568K, reserved 425984K
}
Event: 197.823 GC heap after
{Heap after GC invocations=121 (full 0):
 garbage-first heap   total 414720K, used 265576K [0x0000000080000000, 0x0000000100000000)
  region size 1024K, 13 young (13312K), 13 survivors (13312K)
 Metaspace       used 154707K, committed 156096K, reserved 622592K
  class space    used 20886K, committed 21568K, reserved 425984K
}
Event: 198.811 GC heap before
{Heap before GC invocations=121 (full 0):
 garbage-first heap   total 414720K, used 341352K [0x0000000080000000, 0x0000000100000000)
  region size 1024K, 88 young (90112K), 13 survivors (13312K)
 Metaspace       used 156369K, committed 157760K, reserved 622592K
  class space    used 21033K, committed 21696K, reserved 425984K
}
Event: 198.840 GC heap after
{Heap after GC invocations=122 (full 0):
 garbage-first heap   total 414720K, used 270601K [0x0000000080000000, 0x0000000100000000)
  region size 1024K, 5 young (5120K), 5 survivors (5120K)
 Metaspace       used 156369K, committed 157760K, reserved 622592K
  class space    used 21033K, committed 21696K, reserved 425984K
}
Event: 199.768 GC heap before
{Heap before GC invocations=122 (full 0):
 garbage-first heap   total 414720K, used 345353K [0x0000000080000000, 0x0000000100000000)
  region size 1024K, 79 young (80896K), 5 survivors (5120K)
 Metaspace       used 157589K, committed 158912K, reserved 622592K
  class space    used 21190K, committed 21824K, reserved 425984K
}
Event: 199.784 GC heap after
{Heap after GC invocations=123 (full 0):
 garbage-first heap   total 414720K, used 277354K [0x0000000080000000, 0x0000000100000000)
  region size 1024K, 10 young (10240K), 10 survivors (10240K)
 Metaspace       used 157589K, committed 158912K, reserved 622592K
  class space    used 21190K, committed 21824K, reserved 425984K
}
Event: 200.283 GC heap before
{Heap before GC invocations=123 (full 0):
 garbage-first heap   total 414720K, used 348010K [0x0000000080000000, 0x0000000100000000)
  region size 1024K, 79 young (80896K), 10 survivors (10240K)
 Metaspace       used 157895K, committed 159232K, reserved 622592K
  class space    used 21211K, committed 21888K, reserved 425984K
}
Event: 200.301 GC heap after
{Heap after GC invocations=124 (full 0):
 garbage-first heap   total 414720K, used 280098K [0x0000000080000000, 0x0000000100000000)
  region size 1024K, 5 young (5120K), 5 survivors (5120K)
 Metaspace       used 157895K, committed 159232K, reserved 622592K
  class space    used 21211K, committed 21888K, reserved 425984K
}
Event: 201.010 GC heap before
{Heap before GC invocations=124 (full 0):
 garbage-first heap   total 414720K, used 349730K [0x0000000080000000, 0x0000000100000000)
  region size 1024K, 74 young (75776K), 5 survivors (5120K)
 Metaspace       used 158338K, committed 159680K, reserved 622592K
  class space    used 21224K, committed 21888K, reserved 425984K
}
Event: 201.016 GC heap after
{Heap after GC invocations=125 (full 0):
 garbage-first heap   total 414720K, used 280775K [0x0000000080000000, 0x0000000100000000)
  region size 1024K, 6 young (6144K), 6 survivors (6144K)
 Metaspace       used 158338K, committed 159680K, reserved 622592K
  class space    used 21224K, committed 21888K, reserved 425984K
}
Event: 202.364 GC heap before
{Heap before GC invocations=125 (full 0):
 garbage-first heap   total 414720K, used 353479K [0x0000000080000000, 0x0000000100000000)
  region size 1024K, 77 young (78848K), 6 survivors (6144K)
 Metaspace       used 158740K, committed 160064K, reserved 622592K
  class space    used 21226K, committed 21888K, reserved 425984K
}
Event: 202.385 GC heap after
{Heap after GC invocations=126 (full 0):
 garbage-first heap   total 414720K, used 282940K [0x0000000080000000, 0x0000000100000000)
  region size 1024K, 4 young (4096K), 4 survivors (4096K)
 Metaspace       used 158740K, committed 160064K, reserved 622592K
  class space    used 21226K, committed 21888K, reserved 425984K
}
Event: 203.915 GC heap before
{Heap before GC invocations=126 (full 0):
 garbage-first heap   total 414720K, used 358716K [0x0000000080000000, 0x0000000100000000)
  region size 1024K, 75 young (76800K), 4 survivors (4096K)
 Metaspace       used 159183K, committed 160512K, reserved 622592K
  class space    used 21248K, committed 21888K, reserved 425984K
}
Event: 203.927 GC heap after
{Heap after GC invocations=127 (full 0):
 garbage-first heap   total 414720K, used 286147K [0x0000000080000000, 0x0000000100000000)
  region size 1024K, 9 young (9216K), 9 survivors (9216K)
 Metaspace       used 159183K, committed 160512K, reserved 622592K
  class space    used 21248K, committed 21888K, reserved 425984K
}
Event: 205.703 GC heap before
{Heap before GC invocations=127 (full 0):
 garbage-first heap   total 414720K, used 373187K [0x0000000080000000, 0x0000000100000000)
  region size 1024K, 66 young (67584K), 9 survivors (9216K)
 Metaspace       used 160487K, committed 161856K, reserved 622592K
  class space    used 21412K, committed 22080K, reserved 425984K
}
Event: 205.733 GC heap after
{Heap after GC invocations=128 (full 0):
 garbage-first heap   total 414720K, used 311445K [0x0000000080000000, 0x0000000100000000)
  region size 1024K, 4 young (4096K), 4 survivors (4096K)
 Metaspace       used 160487K, committed 161856K, reserved 622592K
  class space    used 21412K, committed 22080K, reserved 425984K
}

