# JRE version: Java(TM) SE Runtime Environment (17.0.10+11) (build 17.0.10+11-LTS-240)
# Java VM: Java HotSpot(TM) 64-Bit Server VM (17.0.10+11-LTS-240, mixed mode, sharing, tiered, compressed oops, compressed class ptrs, g1 gc, windows-amd64)
GC Precious Log:
 CPUs: 8 total, 8 available
 Memory: 7930M
 Large Page Support: Disabled
 NUMA Support: Disabled
 Compressed Oops: Enabled (32-bit)
 Heap Region Size: 1M
 Heap Min Capacity: 8M
 Heap Initial Capacity: 124M
 Heap Max Capacity: 2G
 Pre-touch: Disabled
 Parallel Workers: 8
 Concurrent Workers: 2
 Concurrent Refinement Workers: 8
 Periodic GC: Disabled
Heap:
 garbage-first heap   total 435200K, used 190416K [0x0000000080000000, 0x0000000100000000)
  region size 1024K, 2 young (2048K), 2 survivors (2048K)
 Metaspace       used 122328K, committed 123392K, reserved 557056K
  class space    used 16365K, committed 16896K, reserved 425984K
GC Heap History (20 events):
Event: 109.675 GC heap after
{Heap after GC invocations=87 (full 0):
 garbage-first heap   total 389120K, used 182680K [0x0000000080000000, 0x0000000100000000)
  region size 1024K, 10 young (10240K), 10 survivors (10240K)
 Metaspace       used 107575K, committed 108608K, reserved 557056K
  class space    used 14729K, committed 15232K, reserved 425984K
}
Event: 245.078 GC heap before
{Heap before GC invocations=87 (full 0):
 garbage-first heap   total 389120K, used 190872K [0x0000000080000000, 0x0000000100000000)
  region size 1024K, 19 young (19456K), 10 survivors (10240K)
 Metaspace       used 108374K, committed 109440K, reserved 557056K
  class space    used 14773K, committed 15296K, reserved 425984K
}
Event: 245.279 GC heap after
{Heap after GC invocations=88 (full 0):
 garbage-first heap   total 389120K, used 183336K [0x0000000080000000, 0x0000000100000000)
  region size 1024K, 2 young (2048K), 2 survivors (2048K)
 Metaspace       used 108374K, committed 109440K, reserved 557056K
  class space    used 14773K, committed 15296K, reserved 425984K
}
Event: 1526.948 GC heap before
{Heap before GC invocations=88 (full 0):
 garbage-first heap   total 389120K, used 321576K [0x0000000080000000, 0x0000000100000000)
  region size 1024K, 138 young (141312K), 2 survivors (2048K)
 Metaspace       used 111739K, committed 112832K, reserved 557056K
  class space    used 15243K, committed 15744K, reserved 425984K
}
Event: 1527.027 GC heap after
{Heap after GC invocations=89 (full 0):
 garbage-first heap   total 389120K, used 193141K [0x0000000080000000, 0x0000000100000000)
  region size 1024K, 11 young (11264K), 11 survivors (11264K)
 Metaspace       used 111739K, committed 112832K, reserved 557056K
  class space    used 15243K, committed 15744K, reserved 425984K
}
Event: 1530.744 GC heap before
{Heap before GC invocations=90 (full 0):
 garbage-first heap   total 435200K, used 317045K [0x0000000080000000, 0x0000000100000000)
  region size 1024K, 133 young (136192K), 11 survivors (11264K)
 Metaspace       used 120599K, committed 121792K, reserved 557056K
  class space    used 16307K, committed 16896K, reserved 425984K
}
Event: 1530.814 GC heap after
{Heap after GC invocations=91 (full 0):
 garbage-first heap   total 435200K, used 199981K [0x0000000080000000, 0x0000000100000000)
  region size 1024K, 7 young (7168K), 7 survivors (7168K)
 Metaspace       used 120599K, committed 121792K, reserved 557056K
  class space    used 16307K, committed 16896K, reserved 425984K
}
Event: 1531.455 GC heap before
{Heap before GC invocations=91 (full 0):
 garbage-first heap   total 435200K, used 214317K [0x0000000080000000, 0x0000000100000000)
  region size 1024K, 21 young (21504K), 7 survivors (7168K)
 Metaspace       used 120944K, committed 122048K, reserved 557056K
  class space    used 16309K, committed 16896K, reserved 425984K
}
Event: 1531.514 GC heap after
{Heap after GC invocations=92 (full 0):
 garbage-first heap   total 435200K, used 187614K [0x0000000080000000, 0x0000000100000000)
  region size 1024K, 2 young (2048K), 2 survivors (2048K)
 Metaspace       used 120944K, committed 122048K, reserved 557056K
  class space    used 16309K, committed 16896K, reserved 425984K
}
Event: 1536.490 GC heap before
{Heap before GC invocations=92 (full 0):
 garbage-first heap   total 435200K, used 299230K [0x0000000080000000, 0x0000000100000000)
  region size 1024K, 113 young (115712K), 2 survivors (2048K)
 Metaspace       used 121815K, committed 122944K, reserved 557056K
  class space    used 16343K, committed 16896K, reserved 425984K
}
Event: 1536.503 GC heap after
{Heap after GC invocations=93 (full 0):
 garbage-first heap   total 435200K, used 191326K [0x0000000080000000, 0x0000000100000000)
  region size 1024K, 6 young (6144K), 6 survivors (6144K)
 Metaspace       used 121815K, committed 122944K, reserved 557056K
  class space    used 16343K, committed 16896K, reserved 425984K
}
Event: 1538.857 GC heap before
{Heap before GC invocations=94 (full 0):
 garbage-first heap   total 435200K, used 361310K [0x0000000080000000, 0x0000000100000000)
  region size 1024K, 171 young (175104K), 6 survivors (6144K)
 Metaspace       used 122257K, committed 123392K, reserved 557056K
  class space    used 16365K, committed 16896K, reserved 425984K
}
Event: 1538.885 GC heap after
{Heap after GC invocations=95 (full 0):
 garbage-first heap   total 435200K, used 194487K [0x0000000080000000, 0x0000000100000000)
  region size 1024K, 7 young (7168K), 7 survivors (7168K)
 Metaspace       used 122257K, committed 123392K, reserved 557056K
  class space    used 16365K, committed 16896K, reserved 425984K
}
Event: 1538.931 GC heap before
{Heap before GC invocations=95 (full 0):
 garbage-first heap   total 435200K, used 207799K [0x0000000080000000, 0x0000000100000000)
  region size 1024K, 21 young (21504K), 7 survivors (7168K)
 Metaspace       used 122258K, committed 123392K, reserved 557056K
  class space    used 16365K, committed 16896K, reserved 425984K
}
Event: 1538.997 GC heap after
{Heap after GC invocations=96 (full 0):
 garbage-first heap   total 435200K, used 190841K [0x0000000080000000, 0x0000000100000000)
  region size 1024K, 2 young (2048K), 2 survivors (2048K)
 Metaspace       used 122258K, committed 123392K, reserved 557056K
  class space    used 16365K, committed 16896K, reserved 425984K
}
Event: 1539.786 GC heap before
{Heap before GC invocations=96 (full 0):
 garbage-first heap   total 435200K, used 363897K [0x0000000080000000, 0x0000000100000000)
  region size 1024K, 172 young (176128K), 2 survivors (2048K)
 Metaspace       used 122299K, committed 123392K, reserved 557056K
  class space    used 16365K, committed 16896K, reserved 425984K
}
Event: 1539.791 GC heap after
{Heap after GC invocations=97 (full 0):
 garbage-first heap   total 435200K, used 191375K [0x0000000080000000, 0x0000000100000000)
  region size 1024K, 2 young (2048K), 2 survivors (2048K)
 Metaspace       used 122299K, committed 123392K, reserved 557056K
  class space    used 16365K, committed 16896K, reserved 425984K
}
Event: 1540.620 GC heap before
{Heap before GC invocations=98 (full 0):
 garbage-first heap   total 435200K, used 370575K [0x0000000080000000, 0x0000000100000000)
  region size 1024K, 178 young (182272K), 2 survivors (2048K)
 Metaspace       used 122328K, committed 123392K, reserved 557056K
  class space    used 16365K, committed 16896K, reserved 425984K
}
Event: 1540.635 GC heap after
{Heap after GC invocations=99 (full 0):
 garbage-first heap   total 435200K, used 192349K [0x0000000080000000, 0x0000000100000000)
  region size 1024K, 3 young (3072K), 3 survivors (3072K)
 Metaspace       used 122328K, committed 123392K, reserved 557056K
  class space    used 16365K, committed 16896K, reserved 425984K
}
Event: 1540.681 GC heap before
{Heap before GC invocations=99 (full 0):
 garbage-first heap   total 435200K, used 209757K [0x0000000080000000, 0x0000000100000000)
  region size 1024K, 21 young (21504K), 3 survivors (3072K)
 Metaspace       used 122328K, committed 123392K, reserved 557056K
  class space    used 16365K, committed 16896K, reserved 425984K
}

